C:\USERS\IZZOH\DOCUMENTS\VISUAL STUDIO 2010\PROJECTS\WEBCAMFACEREC\DEBUG\WEBCAMFACEREC.EXE
C:\USERS\IZZOH\DOCUMENTS\VISUAL STUDIO 2010\PROJECTS\WEBCAMFACEREC\DEBUG\WEBCAMFACEREC.ILK
C:\USERS\IZZOH\DOCUMENTS\VISUAL STUDIO 2010\PROJECTS\WEBCAMFACEREC\DEBUG\WEBCAMFACEREC.PDB
C:\Users\izzoh\Documents\Visual Studio 2010\Projects\WebcamFaceRec\WebcamFaceRec\Debug\cl.command.1.tlog
C:\Users\izzoh\Documents\Visual Studio 2010\Projects\WebcamFaceRec\WebcamFaceRec\Debug\CL.read.1.tlog
C:\Users\izzoh\Documents\Visual Studio 2010\Projects\WebcamFaceRec\WebcamFaceRec\Debug\CL.write.1.tlog
C:\USERS\IZZOH\DOCUMENTS\VISUAL STUDIO 2010\PROJECTS\WEBCAMFACEREC\WEBCAMFACEREC\DEBUG\DETECTOBJECT.OBJ
C:\USERS\IZZOH\DOCUMENTS\VISUAL STUDIO 2010\PROJECTS\WEBCAMFACEREC\WEBCAMFACEREC\DEBUG\IMAGEUTILS_0.7.OBJ
C:\Users\izzoh\Documents\Visual Studio 2010\Projects\WebcamFaceRec\WebcamFaceRec\Debug\link.command.1.tlog
C:\Users\izzoh\Documents\Visual Studio 2010\Projects\WebcamFaceRec\WebcamFaceRec\Debug\link.read.1.tlog
C:\Users\izzoh\Documents\Visual Studio 2010\Projects\WebcamFaceRec\WebcamFaceRec\Debug\link.write.1.tlog
C:\USERS\IZZOH\DOCUMENTS\VISUAL STUDIO 2010\PROJECTS\WEBCAMFACEREC\WEBCAMFACEREC\DEBUG\MAIN.OBJ
C:\Users\izzoh\Documents\Visual Studio 2010\Projects\WebcamFaceRec\WebcamFaceRec\Debug\mt.command.1.tlog
C:\Users\izzoh\Documents\Visual Studio 2010\Projects\WebcamFaceRec\WebcamFaceRec\Debug\mt.read.1.tlog
C:\Users\izzoh\Documents\Visual Studio 2010\Projects\WebcamFaceRec\WebcamFaceRec\Debug\mt.write.1.tlog
C:\USERS\IZZOH\DOCUMENTS\VISUAL STUDIO 2010\PROJECTS\WEBCAMFACEREC\WEBCAMFACEREC\DEBUG\PREPROCESSFACE.OBJ
C:\USERS\IZZOH\DOCUMENTS\VISUAL STUDIO 2010\PROJECTS\WEBCAMFACEREC\WEBCAMFACEREC\DEBUG\RECOGNITION.OBJ
C:\Users\izzoh\Documents\Visual Studio 2010\Projects\WebcamFaceRec\WebcamFaceRec\Debug\vc100.idb
C:\USERS\IZZOH\DOCUMENTS\VISUAL STUDIO 2010\PROJECTS\WEBCAMFACEREC\WEBCAMFACEREC\DEBUG\VC100.PDB
C:\USERS\IZZOH\DOCUMENTS\VISUAL STUDIO 2010\PROJECTS\WEBCAMFACEREC\WEBCAMFACEREC\DEBUG\WEBCAMFACEREC.EXE.INTERMEDIATE.MANIFEST
C:\Users\izzoh\Documents\Visual Studio 2010\Projects\WebcamFaceRec\WebcamFaceRec\Debug\WebcamFaceRec.write.1.tlog
